{
  "RSpec": {
    "coverage": {
      "/Users/mluukkai/railsprojektit/ratebeer-public/config/environment.rb": [
        null,
        1,
        null,
        null,
        1
      ],
      "/Users/mluukkai/railsprojektit/ratebeer-public/config/application.rb": [
        1,
        null,
        1,
        null,
        null,
        null,
        1,
        null,
        1,
        1,
        1,
        null,
        null,
        null,
        null,
        null,
        null,
        null,
        null,
        null,
        null,
        null,
        null,
        null
      ],
      "/Users/mluukkai/railsprojektit/ratebeer-public/config/boot.rb": [
        null,
        1,
        null,
        1
      ],
      "/Users/mluukkai/railsprojektit/ratebeer-public/config/environments/test.rb": [
        1,
        null,
        null,
        null,
        null,
        null,
        null,
        1,
        null,
        null,
        null,
        null,
        1,
        null,
        null,
        1,
        1,
        null,
        null,
        1,
        1,
        null,
        null,
        1,
        null,
        null,
        1,
        null,
        null,
        null,
        null,
        1,
        null,
        null,
        1,
        null
      ],
      "/Users/mluukkai/railsprojektit/ratebeer-public/config/initializers/backtrace_silencers.rb": [
        null,
        null,
        null,
        null,
        null,
        null,
        null
      ],
      "/Users/mluukkai/railsprojektit/ratebeer-public/config/initializers/filter_parameter_logging.rb": [
        null,
        null,
        null,
        1
      ],
      "/Users/mluukkai/railsprojektit/ratebeer-public/config/initializers/inflections.rb": [
        null,
        null,
        null,
        null,
        null,
        null,
        null,
        null,
        null,
        null,
        null,
        null,
        null,
        null,
        null,
        null
      ],
      "/Users/mluukkai/railsprojektit/ratebeer-public/config/initializers/mime_types.rb": [
        null,
        null,
        null,
        null,
        null
      ],
      "/Users/mluukkai/railsprojektit/ratebeer-public/config/initializers/secret_token.rb": [
        null,
        null,
        null,
        null,
        null,
        null,
        null,
        null,
        null,
        null,
        null,
        1
      ],
      "/Users/mluukkai/railsprojektit/ratebeer-public/config/initializers/session_store.rb": [
        null,
        null,
        1
      ],
      "/Users/mluukkai/railsprojektit/ratebeer-public/config/initializers/wrap_parameters.rb": [
        null,
        null,
        null,
        null,
        null,
        null,
        1,
        1,
        null,
        null,
        null,
        null,
        null,
        null
      ],
      "/Users/mluukkai/railsprojektit/ratebeer-public/config/routes.rb": [
        1,
        1,
        null,
        1,
        null,
        1,
        null,
        null,
        null,
        null,
        null,
        1,
        null,
        1,
        null,
        null,
        null,
        null,
        null,
        null,
        null,
        null,
        null,
        null,
        null,
        null,
        null,
        null,
        null,
        null,
        null,
        null,
        null,
        null,
        null,
        null,
        null,
        null,
        null,
        null,
        null,
        null,
        null,
        null,
        null,
        null,
        null,
        null,
        null,
        null,
        null,
        null,
        null,
        null,
        null,
        null,
        null,
        null,
        null,
        null,
        null,
        null,
        null,
        null,
        null,
        null,
        null,
        null,
        null,
        null
      ],
      "/Users/mluukkai/railsprojektit/ratebeer-public/app/helpers/application_helper.rb": [
        1,
        null
      ],
      "/Users/mluukkai/railsprojektit/ratebeer-public/app/helpers/beers_helper.rb": [
        1,
        null
      ],
      "/Users/mluukkai/railsprojektit/ratebeer-public/app/helpers/breweries_helper.rb": [
        1,
        null
      ],
      "/Users/mluukkai/railsprojektit/ratebeer-public/spec/models/brewery_spec.rb": [
        1,
        null,
        1,
        1,
        1,
        null,
        1,
        null,
        null
      ],
      "/Users/mluukkai/railsprojektit/ratebeer-public/app/models/brewery.rb": [
        1,
        1,
        null,
        1,
        1,
        null,
        null
      ],
      "/Users/mluukkai/railsprojektit/ratebeer-public/app/models/concerns/rating_average.rb": [
        1,
        1,
        null,
        1,
        0,
        null,
        null
      ],
      "/Users/mluukkai/railsprojektit/ratebeer-public/app/controllers/breweries_controller.rb": [
        1,
        1,
        1,
        null,
        null,
        null,
        1,
        1,
        null,
        null,
        null,
        null,
        1,
        null,
        null,
        null,
        1,
        0,
        null,
        null,
        null,
        1,
        null,
        null,
        null,
        null,
        1,
        0,
        null,
        0,
        0,
        0,
        0,
        null,
        0,
        0,
        null,
        null,
        null,
        null,
        null,
        null,
        1,
        0,
        0,
        0,
        0,
        null,
        0,
        0,
        null,
        null,
        null,
        null,
        null,
        null,
        1,
        0,
        0,
        0,
        0,
        null,
        null,
        null,
        1,
        null,
        1,
        0,
        null,
        null,
        null,
        1,
        0,
        null,
        null,
        1,
        0,
        null,
        0,
        0,
        null,
        null,
        null
      ],
      "/Users/mluukkai/railsprojektit/ratebeer-public/app/controllers/application_controller.rb": [
        1,
        null,
        null,
        1,
        null
      ]
    },
    "timestamp": 1391091956
  }
}
